<?xml version="1.0" encoding="utf-8"?><testsuites name="pytest tests"><testsuite name="pytest" errors="0" failures="0" skipped="0" tests="25" time="3.937" timestamp="2026-09-07T14:23:40.436400+00:00" hostname="localhost"><testcase classname="validation.test_solution" name="test_actual_selects_execute_and_match_documented_columns" time="0.174" /><testcase classname="validation.test_solution" name="test_five_outbound_type_policy" time="0.139" /><testcase classname="validation.test_solution" name="test_transaction_numerator_denominator_and_no_leg_fanout" time="0.138" /><testcase classname="validation.test_solution" name="test_usd_direction_and_identity" time="0.129" /><testcase classname="validation.test_solution" name="test_missing_fx_does_not_silently_partial_sum" time="0.136" /><testcase classname="validation.test_solution" name="test_duplicate_fx_causes_detectable_grain_violation" time="0.144" /><testcase classname="validation.test_solution" name="test_all_duration_boundaries" time="0.138" /><testcase classname="validation.test_solution" name="test_provider_denominator_keeps_pending" time="0.144" /><testcase classname="validation.test_solution" name="test_negative_duration_is_unknown_and_detected" time="0.138" /><testcase classname="validation.test_solution" name="test_formal_reviews_include_inconclusive_and_repeats" time="0.149" /><testcase classname="validation.test_solution" name="test_old_deleted_rule_version_is_not_replaced" time="0.122" /><testcase classname="validation.test_solution" name="test_review_date_not_execution_date" time="0.124" /><testcase classname="validation.test_solution" name="test_tasks_preserve_unmatched_ambiguous_and_conflicted" time="0.335" /><testcase classname="validation.test_solution" name="test_future_execution_and_wrong_scope_are_not_matched" time="0.247" /><testcase classname="validation.test_solution" name="test_tasks_resolved_is_not_cancelled" time="0.152" /><testcase classname="validation.test_solution" name="test_shared_device_remains_unresolved" time="0.154" /><testcase classname="validation.test_solution" name="test_unique_device_anonymous_start_is_stitched" time="0.125" /><testcase classname="validation.test_solution" name="test_kyc_step_is_not_kyc_completion" time="0.124" /><testcase classname="validation.test_solution" name="test_ordered_funnel_is_separate_from_required_duration_metric" time="0.119" /><testcase classname="validation.test_solution" name="test_all_singular_data_tests_on_clean_fixture" time="0.223" /><testcase classname="validation.test_solution" name="test_malformed_json_is_detected" time="0.139" /><testcase classname="validation.test_solution" name="test_incremental_branch_selects_old_entity_recent_update" time="0.134" /><testcase classname="validation.test_solution" name="test_repeat_build_is_idempotent_for_same_snapshot" time="0.305" /><testcase classname="validation.test_solution" name="test_required_metrics_are_exact_named_ratios_and_averages" time="0.014" /><testcase classname="validation.test_solution" name="test_ordinary_kyc_steps_cause_explicit_warning_without_final_signal" time="0.120" /></testsuite></testsuites>